[14:54:27][dlc.cpp:227]: Invalid supported_version in  file: mod/ugc_1629702438.mod line: 6
[14:54:27][dlc.cpp:227]: Invalid supported_version in  file: mod/ugc_1632610803.mod line: 6
[14:54:27][dlc.cpp:227]: Invalid supported_version in  file: mod/ugc_1976923067.mod line: 7
[14:54:27][dlc.cpp:227]: Invalid supported_version in  file: mod/ugc_1993141805.mod line: 7
[14:54:27][dlc.cpp:227]: Invalid supported_version in  file: mod/ugc_2034489245.mod line: 12
[14:54:27][dlc.cpp:227]: Invalid supported_version in  file: mod/ugc_2318957791.mod line: 15
[14:54:27][dlc.cpp:227]: Invalid supported_version in  file: mod/ugc_2319014735.mod line: 18
[14:54:27][persistent.cpp:48]: Error: "Unexpected token: thumbnail, near line: 6" in file: "mod/ugc_761634749.mod" near line: 6
[14:54:41][map.cpp:1761]: Province 14190 has only 6 pixels around (x=2795,y=443). Should have at least 8
[14:54:41][map.cpp:1761]: Province 14305 has only 8 pixels around (x=2964,y=455). Should have at least 8
[14:54:41][map.cpp:1761]: Province 14550 has only 7 pixels around (x=2872,y=492). Should have at least 8
[14:54:41][map.cpp:1761]: Province 15854 has only 7 pixels around (x=2792,y=629). Should have at least 8
[14:54:41][map.cpp:1761]: Province 17335 has only 6 pixels around (x=3160,y=763). Should have at least 8
[14:54:41][map.cpp:1761]: Province 18164 has only 8 pixels around (x=4703,y=886). Should have at least 8
[14:54:41][map.cpp:1761]: Province 18812 has only 4 pixels around (x=4583,y=1039). Should have at least 8
[14:54:41][map.cpp:1761]: Province 18814 has only 8 pixels around (x=4589,y=1033). Should have at least 8
[14:54:41][map.cpp:1761]: Province 19341 has only 6 pixels around (x=4373,y=1281). Should have at least 8
[14:54:41][map.cpp:1851]: Map invalid X crossing. Please fix pixels at coords: 4400,1174
[14:54:41][map.cpp:1851]: Map invalid X crossing. Please fix pixels at coords: 2695,769
[14:54:41][map.cpp:1851]: Map invalid X crossing. Please fix pixels at coords: 3029,703
[14:54:41][map.cpp:1851]: Map invalid X crossing. Please fix pixels at coords: 2996,661
[14:54:41][map.cpp:1851]: Map invalid X crossing. Please fix pixels at coords: 3467,652
[14:54:41][map.cpp:1851]: Map invalid X crossing. Please fix pixels at coords: 3175,406
[14:54:43][equipment_graphic_database.cpp:51]: Entity referenced in equipment graphic database does not exist: ITA_medium_sp_anti_air_brigade_2_entity
[14:54:43][equipment_graphic_database.cpp:51]: Entity referenced in equipment graphic database does not exist: ITA_medium_sp_artillery_brigade_1_entity
[14:54:43][equipment_graphic_database.cpp:51]: Entity referenced in equipment graphic database does not exist: ITA_medium_sp_artillery_brigade_2_entity
[14:54:43][equipment_graphic_database.cpp:51]: Entity referenced in equipment graphic database does not exist: ITA_medium_tank_destroyer_brigade_1_entity
[14:54:43][equipment_graphic_database.cpp:51]: Entity referenced in equipment graphic database does not exist: ITA_medium_tank_destroyer_brigade_2_entity
[14:54:43][equipment_graphic_database.cpp:51]: Entity referenced in equipment graphic database does not exist: ITA_medium_armor_1_entity
[14:54:43][equipment_graphic_database.cpp:51]: Entity referenced in equipment graphic database does not exist: ITA_heavy_armor_2_entity
[14:54:43][equipment_graphic_database.cpp:51]: Entity referenced in equipment graphic database does not exist: ITA_heavy_armor_2_entity
[14:54:43][equipment_graphic_database.cpp:51]: Entity referenced in equipment graphic database does not exist: ITA_medium_sp_anti_air_brigade_2_entity
[14:54:43][equipment_graphic_database.cpp:51]: Entity referenced in equipment graphic database does not exist: ITA_medium_sp_artillery_brigade_1_entity
[14:54:43][equipment_graphic_database.cpp:51]: Entity referenced in equipment graphic database does not exist: ITA_medium_sp_artillery_brigade_2_entity
[14:54:43][equipment_graphic_database.cpp:51]: Entity referenced in equipment graphic database does not exist: ITA_medium_tank_destroyer_brigade_1_entity
[14:54:43][equipment_graphic_database.cpp:51]: Entity referenced in equipment graphic database does not exist: ITA_medium_tank_destroyer_brigade_2_entity
[14:54:43][equipment_graphic_database.cpp:51]: Entity referenced in equipment graphic database does not exist: ITA_medium_armor_1_entity
[14:54:43][equipment_graphic_database.cpp:51]: Entity referenced in equipment graphic database does not exist: ITA_medium_sp_anti_air_brigade_2_entity
[14:54:43][equipment_graphic_database.cpp:51]: Entity referenced in equipment graphic database does not exist: ITA_medium_sp_artillery_brigade_1_entity
[14:54:43][equipment_graphic_database.cpp:51]: Entity referenced in equipment graphic database does not exist: ITA_medium_sp_artillery_brigade_2_entity
[14:54:43][equipment_graphic_database.cpp:51]: Entity referenced in equipment graphic database does not exist: ITA_medium_tank_destroyer_brigade_1_entity
[14:54:43][equipment_graphic_database.cpp:51]: Entity referenced in equipment graphic database does not exist: ITA_medium_tank_destroyer_brigade_2_entity
[14:54:43][equipment_graphic_database.cpp:51]: Entity referenced in equipment graphic database does not exist: ITA_medium_armor_1_entity
[14:54:43][equipment_graphic_database.cpp:51]: Entity referenced in equipment graphic database does not exist: ITA_heavy_armor_2_entity
[14:54:43][equipment_graphic_database.cpp:51]: Entity referenced in equipment graphic database does not exist: ITA_heavy_armor_2_entity
[14:54:43][equipment_graphic_database.cpp:51]: Entity referenced in equipment graphic database does not exist: ITA_medium_sp_anti_air_brigade_2_entity
[14:54:43][equipment_graphic_database.cpp:51]: Entity referenced in equipment graphic database does not exist: ITA_medium_sp_artillery_brigade_1_entity
[14:54:43][equipment_graphic_database.cpp:51]: Entity referenced in equipment graphic database does not exist: ITA_medium_sp_artillery_brigade_2_entity
[14:54:43][equipment_graphic_database.cpp:51]: Entity referenced in equipment graphic database does not exist: ITA_medium_tank_destroyer_brigade_1_entity
[14:54:43][equipment_graphic_database.cpp:51]: Entity referenced in equipment graphic database does not exist: ITA_medium_tank_destroyer_brigade_2_entity
[14:54:43][equipment_graphic_database.cpp:51]: Entity referenced in equipment graphic database does not exist: ITA_medium_armor_1_entity
[14:54:43][equipment_graphic_database.cpp:51]: Entity referenced in equipment graphic database does not exist: ITA_light_armor_1_entity
[14:54:43][equipment_graphic_database.cpp:51]: Entity referenced in equipment graphic database does not exist: ITA_light_tank_destroyer_brigade_0_entity
[14:54:43][equipment_graphic_database.cpp:51]: Entity referenced in equipment graphic database does not exist: ITA_light_tank_destroyer_brigade_1_entity
[14:54:43][equipment_graphic_database.cpp:51]: Entity referenced in equipment graphic database does not exist: ITA_light_tank_destroyer_brigade_0_entity
[14:54:43][equipment_graphic_database.cpp:51]: Entity referenced in equipment graphic database does not exist: ITA_light_tank_destroyer_brigade_1_entity
[14:54:43][equipment_graphic_database.cpp:51]: Entity referenced in equipment graphic database does not exist: ITA_light_armor_1_entity
[14:54:43][equipment_graphic_database.cpp:51]: Entity referenced in equipment graphic database does not exist: ITA_light_tank_destroyer_brigade_0_entity
[14:54:43][equipment_graphic_database.cpp:51]: Entity referenced in equipment graphic database does not exist: ITA_light_tank_destroyer_brigade_1_entity
[14:54:43][equipment_graphic_database.cpp:51]: Entity referenced in equipment graphic database does not exist: ITA_light_armor_1_entity
[14:54:43][equipment_graphic_database.cpp:51]: Entity referenced in equipment graphic database does not exist: USA_medium_armor_0_entity
[14:54:43][equipment_graphic_database.cpp:51]: Entity referenced in equipment graphic database does not exist: USA_medium_tank_destroyer_brigade_0_entity
[14:54:43][equipment_graphic_database.cpp:51]: Entity referenced in equipment graphic database does not exist: USA_medium_tank_destroyer_brigade_1_entity
[14:54:43][equipment_graphic_database.cpp:51]: Entity referenced in equipment graphic database does not exist: USA_medium_tank_destroyer_brigade_2_entity
[14:54:43][equipment_graphic_database.cpp:51]: Entity referenced in equipment graphic database does not exist: USA_medium_sp_artillery_brigade_0_entity
[14:54:43][equipment_graphic_database.cpp:51]: Entity referenced in equipment graphic database does not exist: USA_medium_sp_artillery_brigade_1_entity
[14:54:43][equipment_graphic_database.cpp:51]: Entity referenced in equipment graphic database does not exist: USA_medium_sp_artillery_brigade_2_entity
[14:54:43][equipment_graphic_database.cpp:51]: Entity referenced in equipment graphic database does not exist: USA_medium_sp_anti_air_brigade_1_entity
[14:54:43][equipment_graphic_database.cpp:51]: Entity referenced in equipment graphic database does not exist: USA_medium_sp_anti_air_brigade_0_entity
[14:54:43][equipment_graphic_database.cpp:51]: Entity referenced in equipment graphic database does not exist: USA_medium_armor_2_entity
[14:54:43][equipment_graphic_database.cpp:51]: Entity referenced in equipment graphic database does not exist: USA_heavy_tank_destroyer_brigade_0_entity
[14:54:43][equipment_graphic_database.cpp:51]: Entity referenced in equipment graphic database does not exist: USA_heavy_sp_artillery_brigade_1_entity
[14:54:43][equipment_graphic_database.cpp:51]: Entity referenced in equipment graphic database does not exist: USA_heavy_armor_0_entity
[14:54:43][equipment_graphic_database.cpp:51]: Entity referenced in equipment graphic database does not exist: USA_heavy_tank_destroyer_brigade_0_entity
[14:54:43][equipment_graphic_database.cpp:51]: Entity referenced in equipment graphic database does not exist: USA_heavy_sp_artillery_brigade_1_entity
[14:54:43][equipment_graphic_database.cpp:51]: Entity referenced in equipment graphic database does not exist: USA_heavy_armor_0_entity
[14:54:43][equipment_graphic_database.cpp:51]: Entity referenced in equipment graphic database does not exist: USA_medium_armor_2_entity
[14:54:43][equipment_graphic_database.cpp:51]: Entity referenced in equipment graphic database does not exist: USA_medium_armor_0_entity
[14:54:43][equipment_graphic_database.cpp:51]: Entity referenced in equipment graphic database does not exist: USA_medium_tank_destroyer_brigade_0_entity
[14:54:43][equipment_graphic_database.cpp:51]: Entity referenced in equipment graphic database does not exist: USA_medium_tank_destroyer_brigade_1_entity
[14:54:43][equipment_graphic_database.cpp:51]: Entity referenced in equipment graphic database does not exist: USA_medium_tank_destroyer_brigade_2_entity
[14:54:43][equipment_graphic_database.cpp:51]: Entity referenced in equipment graphic database does not exist: USA_medium_sp_artillery_brigade_0_entity
[14:54:43][equipment_graphic_database.cpp:51]: Entity referenced in equipment graphic database does not exist: USA_medium_sp_artillery_brigade_1_entity
[14:54:43][equipment_graphic_database.cpp:51]: Entity referenced in equipment graphic database does not exist: USA_medium_sp_artillery_brigade_2_entity
[14:54:43][equipment_graphic_database.cpp:51]: Entity referenced in equipment graphic database does not exist: USA_medium_sp_anti_air_brigade_1_entity
[14:54:43][equipment_graphic_database.cpp:51]: Entity referenced in equipment graphic database does not exist: USA_medium_sp_anti_air_brigade_0_entity
[14:54:43][equipment_graphic_database.cpp:51]: Entity referenced in equipment graphic database does not exist: USA_medium_armor_2_entity
[14:54:43][equipment_graphic_database.cpp:51]: Entity referenced in equipment graphic database does not exist: USA_medium_tank_destroyer_brigade_0_entity
[14:54:43][equipment_graphic_database.cpp:51]: Entity referenced in equipment graphic database does not exist: USA_medium_tank_destroyer_brigade_1_entity
[14:54:43][equipment_graphic_database.cpp:51]: Entity referenced in equipment graphic database does not exist: USA_medium_tank_destroyer_brigade_2_entity
[14:54:43][equipment_graphic_database.cpp:51]: Entity referenced in equipment graphic database does not exist: USA_medium_sp_artillery_brigade_0_entity
[14:54:43][equipment_graphic_database.cpp:51]: Entity referenced in equipment graphic database does not exist: USA_medium_sp_artillery_brigade_1_entity
[14:54:43][equipment_graphic_database.cpp:51]: Entity referenced in equipment graphic database does not exist: USA_medium_sp_artillery_brigade_2_entity
[14:54:43][equipment_graphic_database.cpp:51]: Entity referenced in equipment graphic database does not exist: USA_medium_sp_anti_air_brigade_1_entity
[14:54:43][equipment_graphic_database.cpp:51]: Entity referenced in equipment graphic database does not exist: USA_medium_sp_anti_air_brigade_0_entity
[14:54:43][equipment_graphic_database.cpp:51]: Entity referenced in equipment graphic database does not exist: USA_medium_armor_0_entity
[14:54:43][equipment_graphic_database.cpp:51]: Entity referenced in equipment graphic database does not exist: USA_heavy_tank_destroyer_brigade_0_entity
[14:54:43][equipment_graphic_database.cpp:51]: Entity referenced in equipment graphic database does not exist: USA_heavy_sp_artillery_brigade_1_entity
[14:54:43][equipment_graphic_database.cpp:51]: Entity referenced in equipment graphic database does not exist: USA_heavy_armor_0_entity
[14:54:43][equipment_graphic_database.cpp:51]: Entity referenced in equipment graphic database does not exist: USA_heavy_armor_0_entity
[14:54:43][equipment_graphic_database.cpp:51]: Entity referenced in equipment graphic database does not exist: USA_heavy_tank_destroyer_brigade_0_entity
[14:54:43][equipment_graphic_database.cpp:51]: Entity referenced in equipment graphic database does not exist: USA_heavy_sp_artillery_brigade_1_entity
[14:54:43][equipment_graphic_database.cpp:51]: Entity referenced in equipment graphic database does not exist: USA_medium_armor_2_entity
[14:54:43][equipment_graphic_database.cpp:51]: Entity referenced in equipment graphic database does not exist: USA_medium_tank_destroyer_brigade_0_entity
[14:54:43][equipment_graphic_database.cpp:51]: Entity referenced in equipment graphic database does not exist: USA_medium_tank_destroyer_brigade_1_entity
[14:54:43][equipment_graphic_database.cpp:51]: Entity referenced in equipment graphic database does not exist: USA_medium_tank_destroyer_brigade_2_entity
[14:54:43][equipment_graphic_database.cpp:51]: Entity referenced in equipment graphic database does not exist: USA_medium_sp_artillery_brigade_0_entity
[14:54:43][equipment_graphic_database.cpp:51]: Entity referenced in equipment graphic database does not exist: USA_medium_sp_artillery_brigade_1_entity
[14:54:43][equipment_graphic_database.cpp:51]: Entity referenced in equipment graphic database does not exist: USA_medium_sp_artillery_brigade_2_entity
[14:54:43][equipment_graphic_database.cpp:51]: Entity referenced in equipment graphic database does not exist: USA_medium_sp_anti_air_brigade_1_entity
[14:54:43][equipment_graphic_database.cpp:51]: Entity referenced in equipment graphic database does not exist: USA_medium_sp_anti_air_brigade_0_entity
[14:54:43][equipment_graphic_database.cpp:51]: Entity referenced in equipment graphic database does not exist: USA_medium_armor_0_entity
[14:54:43][equipment_graphic_database.cpp:51]: Entity referenced in equipment graphic database does not exist: USA_light_armor_2_entity
[14:54:43][equipment_graphic_database.cpp:51]: Entity referenced in equipment graphic database does not exist: USA_light_armor_0_entity
[14:54:43][equipment_graphic_database.cpp:51]: Entity referenced in equipment graphic database does not exist: USA_light_tank_destroyer_brigade_1_entity
[14:54:43][equipment_graphic_database.cpp:51]: Entity referenced in equipment graphic database does not exist: USA_light_tank_destroyer_brigade_2_entity
[14:54:43][equipment_graphic_database.cpp:51]: Entity referenced in equipment graphic database does not exist: USA_light_tank_destroyer_brigade_0_entity
[14:54:43][equipment_graphic_database.cpp:51]: Entity referenced in equipment graphic database does not exist: USA_light_sp_artillery_brigade_0_entity
[14:54:43][equipment_graphic_database.cpp:51]: Entity referenced in equipment graphic database does not exist: USA_light_sp_artillery_brigade_1_entity
[14:54:43][equipment_graphic_database.cpp:51]: Entity referenced in equipment graphic database does not exist: USA_light_sp_anti_air_brigade_1_entity
[14:54:43][equipment_graphic_database.cpp:51]: Entity referenced in equipment graphic database does not exist: USA_light_sp_anti_air_brigade_2_entity
[14:54:43][equipment_graphic_database.cpp:51]: Entity referenced in equipment graphic database does not exist: USA_light_armor_0_entity
[14:54:43][equipment_graphic_database.cpp:51]: Entity referenced in equipment graphic database does not exist: USA_light_tank_destroyer_brigade_1_entity
[14:54:43][equipment_graphic_database.cpp:51]: Entity referenced in equipment graphic database does not exist: USA_light_tank_destroyer_brigade_2_entity
[14:54:43][equipment_graphic_database.cpp:51]: Entity referenced in equipment graphic database does not exist: USA_light_tank_destroyer_brigade_0_entity
[14:54:43][equipment_graphic_database.cpp:51]: Entity referenced in equipment graphic database does not exist: USA_light_sp_artillery_brigade_0_entity
[14:54:43][equipment_graphic_database.cpp:51]: Entity referenced in equipment graphic database does not exist: USA_light_sp_artillery_brigade_1_entity
[14:54:43][equipment_graphic_database.cpp:51]: Entity referenced in equipment graphic database does not exist: USA_light_sp_anti_air_brigade_1_entity
[14:54:43][equipment_graphic_database.cpp:51]: Entity referenced in equipment graphic database does not exist: USA_light_sp_anti_air_brigade_2_entity
[14:54:43][equipment_graphic_database.cpp:51]: Entity referenced in equipment graphic database does not exist: USA_light_armor_2_entity
[14:54:43][equipment_graphic_database.cpp:51]: Entity referenced in equipment graphic database does not exist: USA_light_armor_2_entity
[14:54:43][equipment_graphic_database.cpp:51]: Entity referenced in equipment graphic database does not exist: USA_light_tank_destroyer_brigade_1_entity
[14:54:43][equipment_graphic_database.cpp:51]: Entity referenced in equipment graphic database does not exist: USA_light_tank_destroyer_brigade_2_entity
[14:54:43][equipment_graphic_database.cpp:51]: Entity referenced in equipment graphic database does not exist: USA_light_tank_destroyer_brigade_0_entity
[14:54:43][equipment_graphic_database.cpp:51]: Entity referenced in equipment graphic database does not exist: USA_light_sp_artillery_brigade_0_entity
[14:54:43][equipment_graphic_database.cpp:51]: Entity referenced in equipment graphic database does not exist: USA_light_sp_artillery_brigade_1_entity
[14:54:43][equipment_graphic_database.cpp:51]: Entity referenced in equipment graphic database does not exist: USA_light_sp_anti_air_brigade_1_entity
[14:54:43][equipment_graphic_database.cpp:51]: Entity referenced in equipment graphic database does not exist: USA_light_sp_anti_air_brigade_2_entity
[14:54:43][equipment_graphic_database.cpp:51]: Entity referenced in equipment graphic database does not exist: USA_light_armor_0_entity
[14:54:43][equipment_graphic_database.cpp:51]: Entity referenced in equipment graphic database does not exist: JAP_medium_armor_1_entity
[14:54:43][equipment_graphic_database.cpp:51]: Entity referenced in equipment graphic database does not exist: JAP_medium_sp_artillery_brigade_0_entity
[14:54:43][equipment_graphic_database.cpp:51]: Entity referenced in equipment graphic database does not exist: JAP_medium_sp_artillery_brigade_1_entity
[14:54:43][equipment_graphic_database.cpp:51]: Entity referenced in equipment graphic database does not exist: JAP_medium_sp_artillery_brigade_2_entity
[14:54:43][equipment_graphic_database.cpp:51]: Entity referenced in equipment graphic database does not exist: JAP_medium_tank_destroyer_brigade_0_entity
[14:54:43][equipment_graphic_database.cpp:51]: Entity referenced in equipment graphic database does not exist: JAP_medium_tank_destroyer_brigade_1_entity
[14:54:43][equipment_graphic_database.cpp:51]: Entity referenced in equipment graphic database does not exist: JAP_medium_tank_destroyer_brigade_2_entity
[14:54:43][equipment_graphic_database.cpp:51]: Entity referenced in equipment graphic database does not exist: JAP_medium_armor_2_entity
[14:54:43][equipment_graphic_database.cpp:51]: Entity referenced in equipment graphic database does not exist: JAP_heavy_armor_2_entity
[14:54:43][equipment_graphic_database.cpp:51]: Entity referenced in equipment graphic database does not exist: JAP_heavy_sp_artillery_brigade_0_entity
[14:54:43][equipment_graphic_database.cpp:51]: Entity referenced in equipment graphic database does not exist: JAP_heavy_sp_artillery_brigade_1_entity
[14:54:43][equipment_graphic_database.cpp:51]: Entity referenced in equipment graphic database does not exist: JAP_heavy_tank_destroyer_brigade_0_entity
[14:54:43][equipment_graphic_database.cpp:51]: Entity referenced in equipment graphic database does not exist: JAP_heavy_tank_destroyer_brigade_1_entity
[14:54:43][equipment_graphic_database.cpp:51]: Entity referenced in equipment graphic database does not exist: JAP_heavy_armor_1_entity
[14:54:43][equipment_graphic_database.cpp:51]: Entity referenced in equipment graphic database does not exist: JAP_heavy_armor_2_entity
[14:54:43][equipment_graphic_database.cpp:51]: Entity referenced in equipment graphic database does not exist: JAP_heavy_sp_artillery_brigade_0_entity
[14:54:43][equipment_graphic_database.cpp:51]: Entity referenced in equipment graphic database does not exist: JAP_heavy_sp_artillery_brigade_1_entity
[14:54:43][equipment_graphic_database.cpp:51]: Entity referenced in equipment graphic database does not exist: JAP_heavy_tank_destroyer_brigade_0_entity
[14:54:43][equipment_graphic_database.cpp:51]: Entity referenced in equipment graphic database does not exist: JAP_heavy_tank_destroyer_brigade_1_entity
[14:54:43][equipment_graphic_database.cpp:51]: Entity referenced in equipment graphic database does not exist: JAP_heavy_armor_1_entity
[14:54:43][equipment_graphic_database.cpp:51]: Entity referenced in equipment graphic database does not exist: JAP_medium_armor_2_entity
[14:54:43][equipment_graphic_database.cpp:51]: Entity referenced in equipment graphic database does not exist: JAP_medium_armor_1_entity
[14:54:43][equipment_graphic_database.cpp:51]: Entity referenced in equipment graphic database does not exist: JAP_medium_sp_artillery_brigade_0_entity
[14:54:43][equipment_graphic_database.cpp:51]: Entity referenced in equipment graphic database does not exist: JAP_medium_sp_artillery_brigade_1_entity
[14:54:43][equipment_graphic_database.cpp:51]: Entity referenced in equipment graphic database does not exist: JAP_medium_sp_artillery_brigade_2_entity
[14:54:43][equipment_graphic_database.cpp:51]: Entity referenced in equipment graphic database does not exist: JAP_medium_tank_destroyer_brigade_0_entity
[14:54:43][equipment_graphic_database.cpp:51]: Entity referenced in equipment graphic database does not exist: JAP_medium_tank_destroyer_brigade_1_entity
[14:54:43][equipment_graphic_database.cpp:51]: Entity referenced in equipment graphic database does not exist: JAP_medium_tank_destroyer_brigade_2_entity
[14:54:43][equipment_graphic_database.cpp:51]: Entity referenced in equipment graphic database does not exist: JAP_medium_armor_2_entity
[14:54:43][equipment_graphic_database.cpp:51]: Entity referenced in equipment graphic database does not exist: JAP_medium_sp_artillery_brigade_0_entity
[14:54:43][equipment_graphic_database.cpp:51]: Entity referenced in equipment graphic database does not exist: JAP_medium_sp_artillery_brigade_1_entity
[14:54:43][equipment_graphic_database.cpp:51]: Entity referenced in equipment graphic database does not exist: JAP_medium_sp_artillery_brigade_2_entity
[14:54:43][equipment_graphic_database.cpp:51]: Entity referenced in equipment graphic database does not exist: JAP_medium_tank_destroyer_brigade_0_entity
[14:54:43][equipment_graphic_database.cpp:51]: Entity referenced in equipment graphic database does not exist: JAP_medium_tank_destroyer_brigade_1_entity
[14:54:43][equipment_graphic_database.cpp:51]: Entity referenced in equipment graphic database does not exist: JAP_medium_tank_destroyer_brigade_2_entity
[14:54:43][equipment_graphic_database.cpp:51]: Entity referenced in equipment graphic database does not exist: JAP_medium_armor_1_entity
[14:54:43][equipment_graphic_database.cpp:51]: Entity referenced in equipment graphic database does not exist: JAP_heavy_armor_1_entity
[14:54:43][equipment_graphic_database.cpp:51]: Entity referenced in equipment graphic database does not exist: JAP_heavy_sp_artillery_brigade_0_entity
[14:54:43][equipment_graphic_database.cpp:51]: Entity referenced in equipment graphic database does not exist: JAP_heavy_sp_artillery_brigade_1_entity
[14:54:43][equipment_graphic_database.cpp:51]: Entity referenced in equipment graphic database does not exist: JAP_heavy_tank_destroyer_brigade_0_entity
[14:54:43][equipment_graphic_database.cpp:51]: Entity referenced in equipment graphic database does not exist: JAP_heavy_tank_destroyer_brigade_1_entity
[14:54:43][equipment_graphic_database.cpp:51]: Entity referenced in equipment graphic database does not exist: JAP_heavy_armor_2_entity
[14:54:43][equipment_graphic_database.cpp:51]: Entity referenced in equipment graphic database does not exist: JAP_heavy_armor_2_entity
[14:54:43][equipment_graphic_database.cpp:51]: Entity referenced in equipment graphic database does not exist: JAP_heavy_armor_1_entity
[14:54:43][equipment_graphic_database.cpp:51]: Entity referenced in equipment graphic database does not exist: JAP_heavy_sp_artillery_brigade_0_entity
[14:54:43][equipment_graphic_database.cpp:51]: Entity referenced in equipment graphic database does not exist: JAP_heavy_sp_artillery_brigade_1_entity
[14:54:43][equipment_graphic_database.cpp:51]: Entity referenced in equipment graphic database does not exist: JAP_heavy_tank_destroyer_brigade_0_entity
[14:54:43][equipment_graphic_database.cpp:51]: Entity referenced in equipment graphic database does not exist: JAP_heavy_tank_destroyer_brigade_1_entity
[14:54:43][equipment_graphic_database.cpp:51]: Entity referenced in equipment graphic database does not exist: JAP_medium_armor_2_entity
[14:54:43][equipment_graphic_database.cpp:51]: Entity referenced in equipment graphic database does not exist: JAP_medium_sp_artillery_brigade_0_entity
[14:54:43][equipment_graphic_database.cpp:51]: Entity referenced in equipment graphic database does not exist: JAP_medium_sp_artillery_brigade_1_entity
[14:54:43][equipment_graphic_database.cpp:51]: Entity referenced in equipment graphic database does not exist: JAP_medium_sp_artillery_brigade_2_entity
[14:54:43][equipment_graphic_database.cpp:51]: Entity referenced in equipment graphic database does not exist: JAP_medium_tank_destroyer_brigade_0_entity
[14:54:43][equipment_graphic_database.cpp:51]: Entity referenced in equipment graphic database does not exist: JAP_medium_tank_destroyer_brigade_1_entity
[14:54:43][equipment_graphic_database.cpp:51]: Entity referenced in equipment graphic database does not exist: JAP_medium_tank_destroyer_brigade_2_entity
[14:54:43][equipment_graphic_database.cpp:51]: Entity referenced in equipment graphic database does not exist: JAP_medium_armor_1_entity
[14:54:43][equipment_graphic_database.cpp:51]: Entity referenced in equipment graphic database does not exist: JAP_light_armor_2_entity
[14:54:43][equipment_graphic_database.cpp:51]: Entity referenced in equipment graphic database does not exist: JAP_light_armor_0_entity
[14:54:43][equipment_graphic_database.cpp:51]: Entity referenced in equipment graphic database does not exist: JAP_light_sp_anti_air_brigade_1_entity
[14:54:43][equipment_graphic_database.cpp:51]: Entity referenced in equipment graphic database does not exist: JAP_light_sp_anti_air_brigade_2_entity
[14:54:43][equipment_graphic_database.cpp:51]: Entity referenced in equipment graphic database does not exist: JAP_light_sp_artillery_brigade_2_entity
[14:54:43][equipment_graphic_database.cpp:51]: Entity referenced in equipment graphic database does not exist: JAP_light_tank_destroyer_brigade_2_entity
[14:54:43][equipment_graphic_database.cpp:51]: Entity referenced in equipment graphic database does not exist: JAP_light_armor_0_entity
[14:54:43][equipment_graphic_database.cpp:51]: Entity referenced in equipment graphic database does not exist: JAP_light_sp_anti_air_brigade_1_entity
[14:54:43][equipment_graphic_database.cpp:51]: Entity referenced in equipment graphic database does not exist: JAP_light_sp_anti_air_brigade_2_entity
[14:54:43][equipment_graphic_database.cpp:51]: Entity referenced in equipment graphic database does not exist: JAP_light_sp_artillery_brigade_2_entity
[14:54:43][equipment_graphic_database.cpp:51]: Entity referenced in equipment graphic database does not exist: JAP_light_tank_destroyer_brigade_2_entity
[14:54:43][equipment_graphic_database.cpp:51]: Entity referenced in equipment graphic database does not exist: JAP_light_armor_2_entity
[14:54:43][equipment_graphic_database.cpp:51]: Entity referenced in equipment graphic database does not exist: JAP_light_armor_2_entity
[14:54:43][equipment_graphic_database.cpp:51]: Entity referenced in equipment graphic database does not exist: JAP_light_sp_anti_air_brigade_1_entity
[14:54:43][equipment_graphic_database.cpp:51]: Entity referenced in equipment graphic database does not exist: JAP_light_sp_anti_air_brigade_2_entity
[14:54:43][equipment_graphic_database.cpp:51]: Entity referenced in equipment graphic database does not exist: JAP_light_sp_artillery_brigade_2_entity
[14:54:43][equipment_graphic_database.cpp:51]: Entity referenced in equipment graphic database does not exist: JAP_light_tank_destroyer_brigade_2_entity
[14:54:43][equipment_graphic_database.cpp:51]: Entity referenced in equipment graphic database does not exist: JAP_light_armor_0_entity
[14:54:43][equipment_graphic_database.cpp:51]: Entity referenced in equipment graphic database does not exist: GER_medium_armor_0_entity
[14:54:43][equipment_graphic_database.cpp:51]: Entity referenced in equipment graphic database does not exist: GER_medium_tank_destroyer_brigade_2_entity
[14:54:43][equipment_graphic_database.cpp:51]: Entity referenced in equipment graphic database does not exist: GER_medium_tank_destroyer_brigade_1_entity
[14:54:43][equipment_graphic_database.cpp:51]: Entity referenced in equipment graphic database does not exist: GER_medium_tank_destroyer_brigade_0_entity
[14:54:43][equipment_graphic_database.cpp:51]: Entity referenced in equipment graphic database does not exist: GER_medium_sp_artillery_brigade_2_entity
[14:54:43][equipment_graphic_database.cpp:51]: Entity referenced in equipment graphic database does not exist: GER_medium_sp_artillery_brigade_1_entity
[14:54:43][equipment_graphic_database.cpp:51]: Entity referenced in equipment graphic database does not exist: GER_medium_sp_artillery_brigade_0_entity
[14:54:43][equipment_graphic_database.cpp:51]: Entity referenced in equipment graphic database does not exist: GER_medium_sp_anti_air_brigade_2_entity
[14:54:43][equipment_graphic_database.cpp:51]: Entity referenced in equipment graphic database does not exist: GER_medium_sp_anti_air_brigade_1_entity
[14:54:43][equipment_graphic_database.cpp:51]: Entity referenced in equipment graphic database does not exist: GER_medium_sp_anti_air_brigade_0_entity
[14:54:43][equipment_graphic_database.cpp:51]: Entity referenced in equipment graphic database does not exist: GER_medium_armor_2_entity
[14:54:43][equipment_graphic_database.cpp:51]: Entity referenced in equipment graphic database does not exist: GER_heavy_armor_2_entity
[14:54:43][equipment_graphic_database.cpp:51]: Entity referenced in equipment graphic database does not exist: GER_heavy_sp_artillery_brigade_1_entity
[14:54:43][equipment_graphic_database.cpp:51]: Entity referenced in equipment graphic database does not exist: GER_heavy_tank_destroyer_brigade_0_entity
[14:54:43][equipment_graphic_database.cpp:51]: Entity referenced in equipment graphic database does not exist: GER_heavy_tank_destroyer_brigade_1_entity
[14:54:43][equipment_graphic_database.cpp:51]: Entity referenced in equipment graphic database does not exist: GER_heavy_tank_destroyer_brigade_2_entity
[14:54:43][equipment_graphic_database.cpp:51]: Entity referenced in equipment graphic database does not exist: GER_heavy_armor_0_entity
[14:54:43][equipment_graphic_database.cpp:51]: Entity referenced in equipment graphic database does not exist: GER_heavy_armor_2_entity
[14:54:43][equipment_graphic_database.cpp:51]: Entity referenced in equipment graphic database does not exist: GER_heavy_sp_artillery_brigade_1_entity
[14:54:43][equipment_graphic_database.cpp:51]: Entity referenced in equipment graphic database does not exist: GER_heavy_tank_destroyer_brigade_0_entity
[14:54:43][equipment_graphic_database.cpp:51]: Entity referenced in equipment graphic database does not exist: GER_heavy_tank_destroyer_brigade_1_entity
[14:54:43][equipment_graphic_database.cpp:51]: Entity referenced in equipment graphic database does not exist: GER_heavy_tank_destroyer_brigade_2_entity
[14:54:43][equipment_graphic_database.cpp:51]: Entity referenced in equipment graphic database does not exist: GER_heavy_armor_0_entity
[14:54:43][equipment_graphic_database.cpp:51]: Entity referenced in equipment graphic database does not exist: GER_medium_armor_2_entity
[14:54:43][equipment_graphic_database.cpp:51]: Entity referenced in equipment graphic database does not exist: GER_medium_armor_0_entity
[14:54:43][equipment_graphic_database.cpp:51]: Entity referenced in equipment graphic database does not exist: GER_medium_tank_destroyer_brigade_2_entity
[14:54:43][equipment_graphic_database.cpp:51]: Entity referenced in equipment graphic database does not exist: GER_medium_tank_destroyer_brigade_1_entity
[14:54:43][equipment_graphic_database.cpp:51]: Entity referenced in equipment graphic database does not exist: GER_medium_tank_destroyer_brigade_0_entity
[14:54:43][equipment_graphic_database.cpp:51]: Entity referenced in equipment graphic database does not exist: GER_medium_sp_artillery_brigade_2_entity
[14:54:43][equipment_graphic_database.cpp:51]: Entity referenced in equipment graphic database does not exist: GER_medium_sp_artillery_brigade_1_entity
[14:54:43][equipment_graphic_database.cpp:51]: Entity referenced in equipment graphic database does not exist: GER_medium_sp_artillery_brigade_0_entity
[14:54:43][equipment_graphic_database.cpp:51]: Entity referenced in equipment graphic database does not exist: GER_medium_sp_anti_air_brigade_2_entity
[14:54:43][equipment_graphic_database.cpp:51]: Entity referenced in equipment graphic database does not exist: GER_medium_sp_anti_air_brigade_1_entity
[14:54:43][equipment_graphic_database.cpp:51]: Entity referenced in equipment graphic database does not exist: GER_medium_sp_anti_air_brigade_0_entity
[14:54:43][equipment_graphic_database.cpp:51]: Entity referenced in equipment graphic database does not exist: GER_medium_armor_2_entity
[14:54:43][equipment_graphic_database.cpp:51]: Entity referenced in equipment graphic database does not exist: GER_medium_tank_destroyer_brigade_2_entity
[14:54:43][equipment_graphic_database.cpp:51]: Entity referenced in equipment graphic database does not exist: GER_medium_tank_destroyer_brigade_1_entity
[14:54:43][equipment_graphic_database.cpp:51]: Entity referenced in equipment graphic database does not exist: GER_medium_tank_destroyer_brigade_0_entity
[14:54:43][equipment_graphic_database.cpp:51]: Entity referenced in equipment graphic database does not exist: GER_medium_sp_artillery_brigade_2_entity
[14:54:43][equipment_graphic_database.cpp:51]: Entity referenced in equipment graphic database does not exist: GER_medium_sp_artillery_brigade_1_entity
[14:54:43][equipment_graphic_database.cpp:51]: Entity referenced in equipment graphic database does not exist: GER_medium_sp_artillery_brigade_0_entity
[14:54:43][equipment_graphic_database.cpp:51]: Entity referenced in equipment graphic database does not exist: GER_medium_sp_anti_air_brigade_2_entity
[14:54:43][equipment_graphic_database.cpp:51]: Entity referenced in equipment graphic database does not exist: GER_medium_sp_anti_air_brigade_1_entity
[14:54:43][equipment_graphic_database.cpp:51]: Entity referenced in equipment graphic database does not exist: GER_medium_sp_anti_air_brigade_0_entity
[14:54:43][equipment_graphic_database.cpp:51]: Entity referenced in equipment graphic database does not exist: GER_medium_armor_0_entity
[14:54:43][equipment_graphic_database.cpp:51]: Entity referenced in equipment graphic database does not exist: GER_heavy_armor_0_entity
[14:54:43][equipment_graphic_database.cpp:51]: Entity referenced in equipment graphic database does not exist: GER_heavy_sp_artillery_brigade_1_entity
[14:54:43][equipment_graphic_database.cpp:51]: Entity referenced in equipment graphic database does not exist: GER_heavy_tank_destroyer_brigade_0_entity
[14:54:43][equipment_graphic_database.cpp:51]: Entity referenced in equipment graphic database does not exist: GER_heavy_tank_destroyer_brigade_1_entity
[14:54:43][equipment_graphic_database.cpp:51]: Entity referenced in equipment graphic database does not exist: GER_heavy_tank_destroyer_brigade_2_entity
[14:54:43][equipment_graphic_database.cpp:51]: Entity referenced in equipment graphic database does not exist: GER_heavy_armor_2_entity
[14:54:43][equipment_graphic_database.cpp:51]: Entity referenced in equipment graphic database does not exist: GER_heavy_armor_2_entity
[14:54:43][equipment_graphic_database.cpp:51]: Entity referenced in equipment graphic database does not exist: GER_heavy_armor_0_entity
[14:54:43][equipment_graphic_database.cpp:51]: Entity referenced in equipment graphic database does not exist: GER_heavy_sp_artillery_brigade_1_entity
[14:54:43][equipment_graphic_database.cpp:51]: Entity referenced in equipment graphic database does not exist: GER_heavy_tank_destroyer_brigade_0_entity
[14:54:43][equipment_graphic_database.cpp:51]: Entity referenced in equipment graphic database does not exist: GER_heavy_tank_destroyer_brigade_1_entity
[14:54:43][equipment_graphic_database.cpp:51]: Entity referenced in equipment graphic database does not exist: GER_heavy_tank_destroyer_brigade_2_entity
[14:54:43][equipment_graphic_database.cpp:51]: Entity referenced in equipment graphic database does not exist: GER_medium_armor_2_entity
[14:54:43][equipment_graphic_database.cpp:51]: Entity referenced in equipment graphic database does not exist: GER_medium_tank_destroyer_brigade_2_entity
[14:54:43][equipment_graphic_database.cpp:51]: Entity referenced in equipment graphic database does not exist: GER_medium_tank_destroyer_brigade_1_entity
[14:54:43][equipment_graphic_database.cpp:51]: Entity referenced in equipment graphic database does not exist: GER_medium_tank_destroyer_brigade_0_entity
[14:54:43][equipment_graphic_database.cpp:51]: Entity referenced in equipment graphic database does not exist: GER_medium_sp_artillery_brigade_2_entity
[14:54:43][equipment_graphic_database.cpp:51]: Entity referenced in equipment graphic database does not exist: GER_medium_sp_artillery_brigade_1_entity
[14:54:43][equipment_graphic_database.cpp:51]: Entity referenced in equipment graphic database does not exist: GER_medium_sp_artillery_brigade_0_entity
[14:54:43][equipment_graphic_database.cpp:51]: Entity referenced in equipment graphic database does not exist: GER_medium_sp_anti_air_brigade_2_entity
[14:54:43][equipment_graphic_database.cpp:51]: Entity referenced in equipment graphic database does not exist: GER_medium_sp_anti_air_brigade_1_entity
[14:54:43][equipment_graphic_database.cpp:51]: Entity referenced in equipment graphic database does not exist: GER_medium_sp_anti_air_brigade_0_entity
[14:54:43][equipment_graphic_database.cpp:51]: Entity referenced in equipment graphic database does not exist: GER_medium_armor_0_entity
[14:54:43][equipment_graphic_database.cpp:51]: Entity referenced in equipment graphic database does not exist: GER_light_armor_2_entity
[14:54:43][equipment_graphic_database.cpp:51]: Entity referenced in equipment graphic database does not exist: GER_light_armor_0_entity
[14:54:43][equipment_graphic_database.cpp:51]: Entity referenced in equipment graphic database does not exist: GER_light_sp_anti_air_brigade_0_entity
[14:54:43][equipment_graphic_database.cpp:51]: Entity referenced in equipment graphic database does not exist: GER_light_sp_artillery_brigade_0_entity
[14:54:43][equipment_graphic_database.cpp:51]: Entity referenced in equipment graphic database does not exist: GER_light_sp_artillery_brigade_1_entity
[14:54:43][equipment_graphic_database.cpp:51]: Entity referenced in equipment graphic database does not exist: GER_light_tank_destroyer_brigade_0_entity
[14:54:43][equipment_graphic_database.cpp:51]: Entity referenced in equipment graphic database does not exist: GER_light_tank_destroyer_brigade_1_entity
[14:54:43][equipment_graphic_database.cpp:51]: Entity referenced in equipment graphic database does not exist: GER_light_armor_0_entity
[14:54:43][equipment_graphic_database.cpp:51]: Entity referenced in equipment graphic database does not exist: GER_light_sp_anti_air_brigade_0_entity
[14:54:43][equipment_graphic_database.cpp:51]: Entity referenced in equipment graphic database does not exist: GER_light_sp_artillery_brigade_0_entity
[14:54:43][equipment_graphic_database.cpp:51]: Entity referenced in equipment graphic database does not exist: GER_light_sp_artillery_brigade_1_entity
[14:54:43][equipment_graphic_database.cpp:51]: Entity referenced in equipment graphic database does not exist: GER_light_tank_destroyer_brigade_0_entity
[14:54:43][equipment_graphic_database.cpp:51]: Entity referenced in equipment graphic database does not exist: GER_light_tank_destroyer_brigade_1_entity
[14:54:43][equipment_graphic_database.cpp:51]: Entity referenced in equipment graphic database does not exist: GER_light_armor_2_entity
[14:54:43][equipment_graphic_database.cpp:51]: Entity referenced in equipment graphic database does not exist: GER_light_armor_2_entity
[14:54:43][equipment_graphic_database.cpp:51]: Entity referenced in equipment graphic database does not exist: GER_light_sp_anti_air_brigade_0_entity
[14:54:43][equipment_graphic_database.cpp:51]: Entity referenced in equipment graphic database does not exist: GER_light_sp_artillery_brigade_0_entity
[14:54:43][equipment_graphic_database.cpp:51]: Entity referenced in equipment graphic database does not exist: GER_light_sp_artillery_brigade_1_entity
[14:54:43][equipment_graphic_database.cpp:51]: Entity referenced in equipment graphic database does not exist: GER_light_tank_destroyer_brigade_0_entity
[14:54:43][equipment_graphic_database.cpp:51]: Entity referenced in equipment graphic database does not exist: GER_light_tank_destroyer_brigade_1_entity
[14:54:43][equipment_graphic_database.cpp:51]: Entity referenced in equipment graphic database does not exist: GER_light_armor_0_entity
[14:54:43][equipment_graphic_database.cpp:51]: Entity referenced in equipment graphic database does not exist: ENG_medium_armor_1_entity
[14:54:43][equipment_graphic_database.cpp:51]: Entity referenced in equipment graphic database does not exist: ENG_medium_sp_artillery_brigade_2_entity
[14:54:43][equipment_graphic_database.cpp:51]: Entity referenced in equipment graphic database does not exist: ENG_medium_sp_anti_air_brigade_0_entity
[14:54:43][equipment_graphic_database.cpp:51]: Entity referenced in equipment graphic database does not exist: ENG_medium_sp_anti_air_brigade_1_entity
[14:54:43][equipment_graphic_database.cpp:51]: Entity referenced in equipment graphic database does not exist: ENG_medium_armor_2_entity
[14:54:43][equipment_graphic_database.cpp:51]: Entity referenced in equipment graphic database does not exist: ENG_heavy_armor_2_entity
[14:54:43][equipment_graphic_database.cpp:51]: Entity referenced in equipment graphic database does not exist: ENG_heavy_sp_artillery_brigade_1_entity
[14:54:43][equipment_graphic_database.cpp:51]: Entity referenced in equipment graphic database does not exist: ENG_heavy_armor_0_entity
[14:54:43][equipment_graphic_database.cpp:51]: Entity referenced in equipment graphic database does not exist: ENG_heavy_armor_2_entity
[14:54:43][equipment_graphic_database.cpp:51]: Entity referenced in equipment graphic database does not exist: ENG_heavy_sp_artillery_brigade_1_entity
[14:54:43][equipment_graphic_database.cpp:51]: Entity referenced in equipment graphic database does not exist: ENG_heavy_armor_0_entity
[14:54:43][equipment_graphic_database.cpp:51]: Entity referenced in equipment graphic database does not exist: ENG_medium_armor_2_entity
[14:54:43][equipment_graphic_database.cpp:51]: Entity referenced in equipment graphic database does not exist: ENG_medium_armor_1_entity
[14:54:43][equipment_graphic_database.cpp:51]: Entity referenced in equipment graphic database does not exist: ENG_medium_sp_artillery_brigade_2_entity
[14:54:43][equipment_graphic_database.cpp:51]: Entity referenced in equipment graphic database does not exist: ENG_medium_sp_anti_air_brigade_0_entity
[14:54:43][equipment_graphic_database.cpp:51]: Entity referenced in equipment graphic database does not exist: ENG_medium_sp_anti_air_brigade_1_entity
[14:54:43][equipment_graphic_database.cpp:51]: Entity referenced in equipment graphic database does not exist: ENG_medium_armor_2_entity
[14:54:43][equipment_graphic_database.cpp:51]: Entity referenced in equipment graphic database does not exist: ENG_medium_sp_artillery_brigade_2_entity
[14:54:43][equipment_graphic_database.cpp:51]: Entity referenced in equipment graphic database does not exist: ENG_medium_sp_anti_air_brigade_0_entity
[14:54:43][equipment_graphic_database.cpp:51]: Entity referenced in equipment graphic database does not exist: ENG_medium_sp_anti_air_brigade_1_entity
[14:54:43][equipment_graphic_database.cpp:51]: Entity referenced in equipment graphic database does not exist: ENG_medium_armor_1_entity
[14:54:43][equipment_graphic_database.cpp:51]: Entity referenced in equipment graphic database does not exist: ENG_heavy_armor_0_entity
[14:54:43][equipment_graphic_database.cpp:51]: Entity referenced in equipment graphic database does not exist: ENG_heavy_sp_artillery_brigade_1_entity
[14:54:43][equipment_graphic_database.cpp:51]: Entity referenced in equipment graphic database does not exist: ENG_heavy_armor_2_entity
[14:54:43][equipment_graphic_database.cpp:51]: Entity referenced in equipment graphic database does not exist: ENG_heavy_armor_0_entity
[14:54:43][equipment_graphic_database.cpp:51]: Entity referenced in equipment graphic database does not exist: ENG_heavy_armor_2_entity
[14:54:43][equipment_graphic_database.cpp:51]: Entity referenced in equipment graphic database does not exist: ENG_heavy_sp_artillery_brigade_1_entity
[14:54:43][equipment_graphic_database.cpp:51]: Entity referenced in equipment graphic database does not exist: ENG_medium_armor_2_entity
[14:54:43][equipment_graphic_database.cpp:51]: Entity referenced in equipment graphic database does not exist: ENG_medium_sp_artillery_brigade_2_entity
[14:54:43][equipment_graphic_database.cpp:51]: Entity referenced in equipment graphic database does not exist: ENG_medium_sp_anti_air_brigade_0_entity
[14:54:43][equipment_graphic_database.cpp:51]: Entity referenced in equipment graphic database does not exist: ENG_medium_sp_anti_air_brigade_1_entity
[14:54:43][equipment_graphic_database.cpp:51]: Entity referenced in equipment graphic database does not exist: ENG_medium_armor_1_entity
[14:54:43][equipment_graphic_database.cpp:51]: Entity referenced in equipment graphic database does not exist: ENG_light_armor_2_entity
[14:54:43][equipment_graphic_database.cpp:51]: Entity referenced in equipment graphic database does not exist: ENG_light_tank_destroyer_brigade_2_entity
[14:54:43][equipment_graphic_database.cpp:51]: Entity referenced in equipment graphic database does not exist: ENG_light_tank_destroyer_brigade_0_entity
[14:54:43][equipment_graphic_database.cpp:51]: Entity referenced in equipment graphic database does not exist: ENG_light_sp_artillery_brigade_2_entity
[14:54:43][equipment_graphic_database.cpp:51]: Entity referenced in equipment graphic database does not exist: ENG_light_armor_1_entity
[14:54:43][equipment_graphic_database.cpp:51]: Entity referenced in equipment graphic database does not exist: ENG_light_armor_1_entity
[14:54:43][equipment_graphic_database.cpp:51]: Entity referenced in equipment graphic database does not exist: ENG_light_tank_destroyer_brigade_2_entity
[14:54:43][equipment_graphic_database.cpp:51]: Entity referenced in equipment graphic database does not exist: ENG_light_tank_destroyer_brigade_0_entity
[14:54:43][equipment_graphic_database.cpp:51]: Entity referenced in equipment graphic database does not exist: ENG_light_sp_artillery_brigade_2_entity
[14:54:43][equipment_graphic_database.cpp:51]: Entity referenced in equipment graphic database does not exist: ENG_light_armor_2_entity
[14:54:43][equipment_graphic_database.cpp:51]: Entity referenced in equipment graphic database does not exist: ENG_light_armor_2_entity
[14:54:43][equipment_graphic_database.cpp:51]: Entity referenced in equipment graphic database does not exist: ENG_light_armor_1_entity
[14:54:43][equipment_graphic_database.cpp:51]: Entity referenced in equipment graphic database does not exist: ENG_light_tank_destroyer_brigade_2_entity
[14:54:43][equipment_graphic_database.cpp:51]: Entity referenced in equipment graphic database does not exist: ENG_light_tank_destroyer_brigade_0_entity
[14:54:43][equipment_graphic_database.cpp:51]: Entity referenced in equipment graphic database does not exist: ENG_light_sp_artillery_brigade_2_entity
[14:54:43][equipment_graphic_database.cpp:51]: Entity referenced in equipment graphic database does not exist: SOV_medium_armor_0_entity
[14:54:43][equipment_graphic_database.cpp:51]: Entity referenced in equipment graphic database does not exist: SOV_medium_tank_destroyer_brigade_1_entity
[14:54:43][equipment_graphic_database.cpp:51]: Entity referenced in equipment graphic database does not exist: SOV_medium_tank_destroyer_brigade_2_entity
[14:54:43][equipment_graphic_database.cpp:51]: Entity referenced in equipment graphic database does not exist: SOV_medium_sp_artillery_brigade_1_entity
[14:54:43][equipment_graphic_database.cpp:51]: Entity referenced in equipment graphic database does not exist: SOV_medium_sp_anti_air_brigade_0_entity
[14:54:43][equipment_graphic_database.cpp:51]: Entity referenced in equipment graphic database does not exist: SOV_medium_sp_anti_air_brigade_2_entity
[14:54:43][equipment_graphic_database.cpp:51]: Entity referenced in equipment graphic database does not exist: SOV_medium_armor_2_entity
[14:54:43][equipment_graphic_database.cpp:51]: Entity referenced in equipment graphic database does not exist: SOV_heavy_armor_2_entity
[14:54:43][equipment_graphic_database.cpp:51]: Entity referenced in equipment graphic database does not exist: SOV_heavy_tank_destroyer_brigade_2_entity
[14:54:43][equipment_graphic_database.cpp:51]: Entity referenced in equipment graphic database does not exist: SOV_heavy_sp_artillery_brigade_2_entity
[14:54:43][equipment_graphic_database.cpp:51]: Entity referenced in equipment graphic database does not exist: SOV_heavy_sp_artillery_brigade_0_entity
[14:54:43][equipment_graphic_database.cpp:51]: Entity referenced in equipment graphic database does not exist: SOV_heavy_armor_0_entity
[14:54:43][equipment_graphic_database.cpp:51]: Entity referenced in equipment graphic database does not exist: SOV_heavy_armor_2_entity
[14:54:43][equipment_graphic_database.cpp:51]: Entity referenced in equipment graphic database does not exist: SOV_heavy_tank_destroyer_brigade_2_entity
[14:54:43][equipment_graphic_database.cpp:51]: Entity referenced in equipment graphic database does not exist: SOV_heavy_sp_artillery_brigade_2_entity
[14:54:43][equipment_graphic_database.cpp:51]: Entity referenced in equipment graphic database does not exist: SOV_heavy_sp_artillery_brigade_0_entity
[14:54:43][equipment_graphic_database.cpp:51]: Entity referenced in equipment graphic database does not exist: SOV_heavy_armor_0_entity
[14:54:43][equipment_graphic_database.cpp:51]: Entity referenced in equipment graphic database does not exist: SOV_medium_armor_2_entity
[14:54:43][equipment_graphic_database.cpp:51]: Entity referenced in equipment graphic database does not exist: SOV_medium_armor_0_entity
[14:54:43][equipment_graphic_database.cpp:51]: Entity referenced in equipment graphic database does not exist: SOV_medium_tank_destroyer_brigade_1_entity
[14:54:43][equipment_graphic_database.cpp:51]: Entity referenced in equipment graphic database does not exist: SOV_medium_tank_destroyer_brigade_2_entity
[14:54:43][equipment_graphic_database.cpp:51]: Entity referenced in equipment graphic database does not exist: SOV_medium_sp_artillery_brigade_1_entity
[14:54:43][equipment_graphic_database.cpp:51]: Entity referenced in equipment graphic database does not exist: SOV_medium_sp_anti_air_brigade_0_entity
[14:54:43][equipment_graphic_database.cpp:51]: Entity referenced in equipment graphic database does not exist: SOV_medium_sp_anti_air_brigade_2_entity
[14:54:43][equipment_graphic_database.cpp:51]: Entity referenced in equipment graphic database does not exist: SOV_medium_armor_2_entity
[14:54:43][equipment_graphic_database.cpp:51]: Entity referenced in equipment graphic database does not exist: SOV_medium_tank_destroyer_brigade_1_entity
[14:54:43][equipment_graphic_database.cpp:51]: Entity referenced in equipment graphic database does not exist: SOV_medium_tank_destroyer_brigade_2_entity
[14:54:43][equipment_graphic_database.cpp:51]: Entity referenced in equipment graphic database does not exist: SOV_medium_sp_artillery_brigade_1_entity
[14:54:43][equipment_graphic_database.cpp:51]: Entity referenced in equipment graphic database does not exist: SOV_medium_sp_anti_air_brigade_0_entity
[14:54:43][equipment_graphic_database.cpp:51]: Entity referenced in equipment graphic database does not exist: SOV_medium_sp_anti_air_brigade_2_entity
[14:54:43][equipment_graphic_database.cpp:51]: Entity referenced in equipment graphic database does not exist: SOV_medium_armor_0_entity
[14:54:43][equipment_graphic_database.cpp:51]: Entity referenced in equipment graphic database does not exist: SOV_heavy_armor_0_entity
[14:54:43][equipment_graphic_database.cpp:51]: Entity referenced in equipment graphic database does not exist: SOV_heavy_tank_destroyer_brigade_2_entity
[14:54:43][equipment_graphic_database.cpp:51]: Entity referenced in equipment graphic database does not exist: SOV_heavy_sp_artillery_brigade_2_entity
[14:54:43][equipment_graphic_database.cpp:51]: Entity referenced in equipment graphic database does not exist: SOV_heavy_sp_artillery_brigade_0_entity
[14:54:43][equipment_graphic_database.cpp:51]: Entity referenced in equipment graphic database does not exist: SOV_heavy_armor_2_entity
[14:54:43][equipment_graphic_database.cpp:51]: Entity referenced in equipment graphic database does not exist: SOV_heavy_armor_0_entity
[14:54:43][equipment_graphic_database.cpp:51]: Entity referenced in equipment graphic database does not exist: SOV_heavy_armor_2_entity
[14:54:43][equipment_graphic_database.cpp:51]: Entity referenced in equipment graphic database does not exist: SOV_heavy_tank_destroyer_brigade_2_entity
[14:54:43][equipment_graphic_database.cpp:51]: Entity referenced in equipment graphic database does not exist: SOV_heavy_sp_artillery_brigade_2_entity
[14:54:43][equipment_graphic_database.cpp:51]: Entity referenced in equipment graphic database does not exist: SOV_heavy_sp_artillery_brigade_0_entity
[14:54:43][equipment_graphic_database.cpp:51]: Entity referenced in equipment graphic database does not exist: SOV_medium_armor_2_entity
[14:54:43][equipment_graphic_database.cpp:51]: Entity referenced in equipment graphic database does not exist: SOV_medium_armor_0_entity
[14:54:43][equipment_graphic_database.cpp:51]: Entity referenced in equipment graphic database does not exist: SOV_light_armor_0_entity
[14:54:43][equipment_graphic_database.cpp:51]: Entity referenced in equipment graphic database does not exist: SOV_light_armor_2_entity
[14:54:43][equipment_graphic_database.cpp:51]: Entity referenced in equipment graphic database does not exist: SOV_light_tank_destroyer_brigade_1_entity
[14:54:43][equipment_graphic_database.cpp:51]: Entity referenced in equipment graphic database does not exist: SOV_light_sp_artillery_brigade_1_entity
[14:54:43][equipment_graphic_database.cpp:51]: Entity referenced in equipment graphic database does not exist: SOV_light_tank_destroyer_brigade_2_entity
[14:54:43][equipment_graphic_database.cpp:51]: Entity referenced in equipment graphic database does not exist: SOV_light_sp_artillery_brigade_2_entity
[14:54:43][equipment_graphic_database.cpp:51]: Entity referenced in equipment graphic database does not exist: SOV_light_tank_destroyer_brigade_0_entity
[14:54:43][equipment_graphic_database.cpp:51]: Entity referenced in equipment graphic database does not exist: SOV_light_armor_0_entity
[14:54:43][equipment_graphic_database.cpp:51]: Entity referenced in equipment graphic database does not exist: SOV_light_tank_destroyer_brigade_1_entity
[14:54:43][equipment_graphic_database.cpp:51]: Entity referenced in equipment graphic database does not exist: SOV_light_sp_artillery_brigade_1_entity
[14:54:43][equipment_graphic_database.cpp:51]: Entity referenced in equipment graphic database does not exist: SOV_light_tank_destroyer_brigade_2_entity
[14:54:43][equipment_graphic_database.cpp:51]: Entity referenced in equipment graphic database does not exist: SOV_light_sp_artillery_brigade_2_entity
[14:54:43][equipment_graphic_database.cpp:51]: Entity referenced in equipment graphic database does not exist: SOV_light_tank_destroyer_brigade_0_entity
[14:54:43][equipment_graphic_database.cpp:51]: Entity referenced in equipment graphic database does not exist: SOV_light_armor_2_entity
[14:54:43][equipment_graphic_database.cpp:51]: Entity referenced in equipment graphic database does not exist: SOV_light_armor_2_entity
[14:54:43][equipment_graphic_database.cpp:51]: Entity referenced in equipment graphic database does not exist: SOV_light_tank_destroyer_brigade_1_entity
[14:54:43][equipment_graphic_database.cpp:51]: Entity referenced in equipment graphic database does not exist: SOV_light_sp_artillery_brigade_1_entity
[14:54:43][equipment_graphic_database.cpp:51]: Entity referenced in equipment graphic database does not exist: SOV_light_tank_destroyer_brigade_2_entity
[14:54:43][equipment_graphic_database.cpp:51]: Entity referenced in equipment graphic database does not exist: SOV_light_sp_artillery_brigade_2_entity
[14:54:43][equipment_graphic_database.cpp:51]: Entity referenced in equipment graphic database does not exist: SOV_light_tank_destroyer_brigade_0_entity
[14:54:43][equipment_graphic_database.cpp:51]: Entity referenced in equipment graphic database does not exist: SOV_light_armor_0_entity
[14:54:43][equipment_graphic_database.cpp:51]: Entity referenced in equipment graphic database does not exist: FRA_medium_armor_1_entity
[14:54:43][equipment_graphic_database.cpp:51]: Entity referenced in equipment graphic database does not exist: FRA_medium_tank_destroyer_brigade_0_entity
[14:54:43][equipment_graphic_database.cpp:51]: Entity referenced in equipment graphic database does not exist: FRA_medium_tank_destroyer_brigade_1_entity
[14:54:43][equipment_graphic_database.cpp:51]: Entity referenced in equipment graphic database does not exist: FRA_medium_sp_artillery_brigade_0_entity
[14:54:43][equipment_graphic_database.cpp:51]: Entity referenced in equipment graphic database does not exist: FRA_medium_sp_artillery_brigade_1_entity
[14:54:43][equipment_graphic_database.cpp:51]: Entity referenced in equipment graphic database does not exist: FRA_medium_armor_2_entity
[14:54:43][equipment_graphic_database.cpp:51]: Entity referenced in equipment graphic database does not exist: FRA_heavy_armor_2_entity
[14:54:43][equipment_graphic_database.cpp:51]: Entity referenced in equipment graphic database does not exist: FRA_heavy_sp_artillery_brigade_0_entity
[14:54:43][equipment_graphic_database.cpp:51]: Entity referenced in equipment graphic database does not exist: FRA_heavy_armor_1_entity
[14:54:43][equipment_graphic_database.cpp:51]: Entity referenced in equipment graphic database does not exist: FRA_heavy_armor_2_entity
[14:54:43][equipment_graphic_database.cpp:51]: Entity referenced in equipment graphic database does not exist: FRA_heavy_sp_artillery_brigade_0_entity
[14:54:43][equipment_graphic_database.cpp:51]: Entity referenced in equipment graphic database does not exist: FRA_heavy_armor_1_entity
[14:54:43][equipment_graphic_database.cpp:51]: Entity referenced in equipment graphic database does not exist: FRA_medium_armor_2_entity
[14:54:43][equipment_graphic_database.cpp:51]: Entity referenced in equipment graphic database does not exist: FRA_medium_armor_1_entity
[14:54:43][equipment_graphic_database.cpp:51]: Entity referenced in equipment graphic database does not exist: FRA_medium_tank_destroyer_brigade_0_entity
[14:54:43][equipment_graphic_database.cpp:51]: Entity referenced in equipment graphic database does not exist: FRA_medium_tank_destroyer_brigade_1_entity
[14:54:43][equipment_graphic_database.cpp:51]: Entity referenced in equipment graphic database does not exist: FRA_medium_sp_artillery_brigade_0_entity
[14:54:43][equipment_graphic_database.cpp:51]: Entity referenced in equipment graphic database does not exist: FRA_medium_sp_artillery_brigade_1_entity
[14:54:43][equipment_graphic_database.cpp:51]: Entity referenced in equipment graphic database does not exist: FRA_medium_armor_2_entity
[14:54:43][equipment_graphic_database.cpp:51]: Entity referenced in equipment graphic database does not exist: FRA_medium_tank_destroyer_brigade_0_entity
[14:54:43][equipment_graphic_database.cpp:51]: Entity referenced in equipment graphic database does not exist: FRA_medium_tank_destroyer_brigade_1_entity
[14:54:43][equipment_graphic_database.cpp:51]: Entity referenced in equipment graphic database does not exist: FRA_medium_sp_artillery_brigade_0_entity
[14:54:43][equipment_graphic_database.cpp:51]: Entity referenced in equipment graphic database does not exist: FRA_medium_sp_artillery_brigade_1_entity
[14:54:43][equipment_graphic_database.cpp:51]: Entity referenced in equipment graphic database does not exist: FRA_medium_armor_1_entity
[14:54:43][equipment_graphic_database.cpp:51]: Entity referenced in equipment graphic database does not exist: FRA_heavy_armor_1_entity
[14:54:43][equipment_graphic_database.cpp:51]: Entity referenced in equipment graphic database does not exist: FRA_heavy_sp_artillery_brigade_0_entity
[14:54:43][equipment_graphic_database.cpp:51]: Entity referenced in equipment graphic database does not exist: FRA_heavy_armor_2_entity
[14:54:43][equipment_graphic_database.cpp:51]: Entity referenced in equipment graphic database does not exist: FRA_heavy_armor_2_entity
[14:54:43][equipment_graphic_database.cpp:51]: Entity referenced in equipment graphic database does not exist: FRA_heavy_armor_1_entity
[14:54:43][equipment_graphic_database.cpp:51]: Entity referenced in equipment graphic database does not exist: FRA_heavy_sp_artillery_brigade_0_entity
[14:54:43][equipment_graphic_database.cpp:51]: Entity referenced in equipment graphic database does not exist: FRA_medium_armor_2_entity
[14:54:43][equipment_graphic_database.cpp:51]: Entity referenced in equipment graphic database does not exist: FRA_medium_tank_destroyer_brigade_0_entity
[14:54:43][equipment_graphic_database.cpp:51]: Entity referenced in equipment graphic database does not exist: FRA_medium_tank_destroyer_brigade_1_entity
[14:54:43][equipment_graphic_database.cpp:51]: Entity referenced in equipment graphic database does not exist: FRA_medium_sp_artillery_brigade_0_entity
[14:54:43][equipment_graphic_database.cpp:51]: Entity referenced in equipment graphic database does not exist: FRA_medium_sp_artillery_brigade_1_entity
[14:54:43][equipment_graphic_database.cpp:51]: Entity referenced in equipment graphic database does not exist: FRA_medium_armor_1_entity
[14:54:43][equipment_graphic_database.cpp:51]: Entity referenced in equipment graphic database does not exist: FRA_light_armor_2_entity
[14:54:43][equipment_graphic_database.cpp:51]: Entity referenced in equipment graphic database does not exist: FRA_light_armor_0_entity
[14:54:43][equipment_graphic_database.cpp:51]: Entity referenced in equipment graphic database does not exist: FRA_light_tank_destroyer_brigade_2_entity
[14:54:43][equipment_graphic_database.cpp:51]: Entity referenced in equipment graphic database does not exist: FRA_light_tank_destroyer_brigade_1_entity
[14:54:43][equipment_graphic_database.cpp:51]: Entity referenced in equipment graphic database does not exist: FRA_light_sp_artillery_brigade_2_entity
[14:54:43][equipment_graphic_database.cpp:51]: Entity referenced in equipment graphic database does not exist: FRA_light_armor_0_entity
[14:54:43][equipment_graphic_database.cpp:51]: Entity referenced in equipment graphic database does not exist: FRA_light_tank_destroyer_brigade_2_entity
[14:54:43][equipment_graphic_database.cpp:51]: Entity referenced in equipment graphic database does not exist: FRA_light_tank_destroyer_brigade_1_entity
[14:54:43][equipment_graphic_database.cpp:51]: Entity referenced in equipment graphic database does not exist: FRA_light_sp_artillery_brigade_2_entity
[14:54:43][equipment_graphic_database.cpp:51]: Entity referenced in equipment graphic database does not exist: FRA_light_armor_2_entity
[14:54:43][equipment_graphic_database.cpp:51]: Entity referenced in equipment graphic database does not exist: FRA_light_armor_2_entity
[14:54:43][equipment_graphic_database.cpp:51]: Entity referenced in equipment graphic database does not exist: FRA_light_tank_destroyer_brigade_2_entity
[14:54:43][equipment_graphic_database.cpp:51]: Entity referenced in equipment graphic database does not exist: FRA_light_tank_destroyer_brigade_1_entity
[14:54:43][equipment_graphic_database.cpp:51]: Entity referenced in equipment graphic database does not exist: FRA_light_sp_artillery_brigade_2_entity
[14:54:43][equipment_graphic_database.cpp:51]: Entity referenced in equipment graphic database does not exist: FRA_light_armor_0_entity
[14:54:46][texturehandler.cpp:155]: Texture Handler encountered missing texture file: gfx/interface/technologies/SOV_advanced_medium_tank_destroyer.dds
[14:54:46][texturehandler.cpp:209]: Couldn't find texture file: gfx/interface/technologies/SOV_advanced_medium_tank_destroyer.dds.
[14:54:46][texturehandler.cpp:155]: Texture Handler encountered missing texture file: gfx/interface/technologies/SOV_improved_medium_tank_destroyer.dds
[14:54:46][texturehandler.cpp:209]: Couldn't find texture file: gfx/interface/technologies/SOV_improved_medium_tank_destroyer.dds.
[14:54:46][texturehandler.cpp:155]: Texture Handler encountered missing texture file: gfx/interface/technologies/SOV_improved_medium_tank_artillery.dds
[14:54:46][texturehandler.cpp:209]: Couldn't find texture file: gfx/interface/technologies/SOV_improved_medium_tank_artillery.dds.
